# JRE version: Java(TM) SE Runtime Environment (8.0_101-b13) (build 1.8.0_101-b13)
# Java VM: Java HotSpot(TM) 64-Bit Server VM (25.101-b13 mixed mode windows-amd64 compressed oops)
Heap:
 PSYoungGen      total 634368K, used 488711K [0x00000000d6100000, 0x0000000100000000, 0x0000000100000000)
  eden space 601088K, 75% used [0x00000000d6100000,0x00000000f1e2e910,0x00000000fac00000)
  from space 33280K, 98% used [0x00000000fac00000,0x00000000fcc13630,0x00000000fcc80000)
  to   space 47616K, 0% used [0x00000000fd180000,0x00000000fd180000,0x0000000100000000)
 ParOldGen       total 272384K, used 147928K [0x0000000082200000, 0x0000000092c00000, 0x00000000d6100000)
  object space 272384K, 54% used [0x0000000082200000,0x000000008b276350,0x0000000092c00000)
 Metaspace       used 47304K, capacity 49824K, committed 50264K, reserved 1093632K
  class space    used 5859K, capacity 6883K, committed 7000K, reserved 1048576K
GC Heap History (10 events):
Event: 22.275 GC heap before
{Heap before GC invocations=33 (full 3):
 PSYoungGen      total 677376K, used 667968K [0x00000000d6100000, 0x0000000100000000, 0x0000000100000000)
  eden space 667648K, 100% used [0x00000000d6100000,0x00000000fed00000,0x00000000fed00000)
  from space 9728K, 3% used [0x00000000fed00000,0x00000000fed50000,0x00000000ff680000)
  to   space 9728K, 0% used [0x00000000ff680000,0x00000000ff680000,0x0000000100000000)
 ParOldGen       total 134144K, used 59027K [0x0000000082200000, 0x000000008a500000, 0x00000000d6100000)
  object space 134144K, 44% used [0x0000000082200000,0x0000000085ba4e98,0x000000008a500000)
 Metaspace       used 37206K, capacity 39444K, committed 39768K, reserved 1083392K
  class space    used 4683K, capacity 5669K, committed 5720K, reserved 1048576K
Event: 22.277 GC heap after
Heap after GC invocations=33 (full 3):
 PSYoungGen      total 677376K, used 352K [0x00000000d6100000, 0x0000000100000000, 0x0000000100000000)
  eden space 667648K, 0% used [0x00000000d6100000,0x00000000d6100000,0x00000000fed00000)
  from space 9728K, 3% used [0x00000000ff680000,0x00000000ff6d8000,0x0000000100000000)
  to   space 9728K, 0% used [0x00000000fed00000,0x00000000fed00000,0x00000000ff680000)
 ParOldGen       total 134144K, used 59051K [0x0000000082200000, 0x000000008a500000, 0x00000000d6100000)
  object space 134144K, 44% used [0x0000000082200000,0x0000000085baae98,0x000000008a500000)
 Metaspace       used 37206K, capacity 39444K, committed 39768K, reserved 1083392K
  class space    used 4683K, capacity 5669K, committed 5720K, reserved 1048576K
}
Event: 22.362 GC heap before
{Heap before GC invocations=34 (full 3):
 PSYoungGen      total 677376K, used 668000K [0x00000000d6100000, 0x0000000100000000, 0x0000000100000000)
  eden space 667648K, 100% used [0x00000000d6100000,0x00000000fed00000,0x00000000fed00000)
  from space 9728K, 3% used [0x00000000ff680000,0x00000000ff6d8000,0x0000000100000000)
  to   space 9728K, 0% used [0x00000000fed00000,0x00000000fed00000,0x00000000ff680000)
 ParOldGen       total 134144K, used 59051K [0x0000000082200000, 0x000000008a500000, 0x00000000d6100000)
  object space 134144K, 44% used [0x0000000082200000,0x0000000085baae98,0x000000008a500000)
 Metaspace       used 37206K, capacity 39444K, committed 39768K, reserved 1083392K
  class space    used 4683K, capacity 5669K, committed 5720K, reserved 1048576K
Event: 22.365 GC heap after
Heap after GC invocations=34 (full 3):
 PSYoungGen      total 668160K, used 288K [0x00000000d6100000, 0x00000000fff00000, 0x0000000100000000)
  eden space 667648K, 0% used [0x00000000d6100000,0x00000000d6100000,0x00000000fed00000)
  from space 512K, 56% used [0x00000000fed00000,0x00000000fed48000,0x00000000fed80000)
  to   space 9216K, 0% used [0x00000000ff600000,0x00000000ff600000,0x00000000fff00000)
 ParOldGen       total 134144K, used 59059K [0x0000000082200000, 0x000000008a500000, 0x00000000d6100000)
  object space 134144K, 44% used [0x0000000082200000,0x0000000085bace98,0x000000008a500000)
 Metaspace       used 37206K, capacity 39444K, committed 39768K, reserved 1083392K
  class space    used 4683K, capacity 5669K, committed 5720K, reserved 1048576K
}
Event: 23.803 GC heap before
{Heap before GC invocations=35 (full 3):
 PSYoungGen      total 668160K, used 667936K [0x00000000d6100000, 0x00000000fff00000, 0x0000000100000000)
  eden space 667648K, 100% used [0x00000000d6100000,0x00000000fed00000,0x00000000fed00000)
  from space 512K, 56% used [0x00000000fed00000,0x00000000fed48000,0x00000000fed80000)
  to   space 9216K, 0% used [0x00000000ff600000,0x00000000ff600000,0x00000000fff00000)
 ParOldGen       total 134144K, used 59059K [0x0000000082200000, 0x000000008a500000, 0x00000000d6100000)
  object space 134144K, 44% used [0x0000000082200000,0x0000000085bace98,0x000000008a500000)
 Metaspace       used 37856K, capacity 40158K, committed 40536K, reserved 1083392K
  class space    used 4725K, capacity 5708K, committed 5720K, reserved 1048576K
Event: 23.897 GC heap after
Heap after GC invocations=35 (full 3):
 PSYoungGen      total 610304K, used 9216K [0x00000000d6100000, 0x0000000100000000, 0x0000000100000000)
  eden space 601088K, 0% used [0x00000000d6100000,0x00000000d6100000,0x00000000fac00000)
  from space 9216K, 100% used [0x00000000ff600000,0x00000000fff00000,0x00000000fff00000)
  to   space 43008K, 0% used [0x00000000fac00000,0x00000000fac00000,0x00000000fd600000)
 ParOldGen       total 144896K, used 144428K [0x0000000082200000, 0x000000008af80000, 0x00000000d6100000)
  object space 144896K, 99% used [0x0000000082200000,0x000000008af0b1b8,0x000000008af80000)
 Metaspace       used 37856K, capacity 40158K, committed 40536K, reserved 1083392K
  class space    used 4725K, capacity 5708K, committed 5720K, reserved 1048576K
}
Event: 23.897 GC heap before
{Heap before GC invocations=36 (full 4):
 PSYoungGen      total 610304K, used 9216K [0x00000000d6100000, 0x0000000100000000, 0x0000000100000000)
  eden space 601088K, 0% used [0x00000000d6100000,0x00000000d6100000,0x00000000fac00000)
  from space 9216K, 100% used [0x00000000ff600000,0x00000000fff00000,0x00000000fff00000)
  to   space 43008K, 0% used [0x00000000fac00000,0x00000000fac00000,0x00000000fd600000)
 ParOldGen       total 144896K, used 144428K [0x0000000082200000, 0x000000008af80000, 0x00000000d6100000)
  object space 144896K, 99% used [0x0000000082200000,0x000000008af0b1b8,0x000000008af80000)
 Metaspace       used 37856K, capacity 40158K, committed 40536K, reserved 1083392K
  class space    used 4725K, capacity 5708K, committed 5720K, reserved 1048576K
Event: 24.236 GC heap after
Heap after GC invocations=36 (full 4):
 PSYoungGen      total 610304K, used 2963K [0x00000000d6100000, 0x0000000100000000, 0x0000000100000000)
  eden space 601088K, 0% used [0x00000000d6100000,0x00000000d6100000,0x00000000fac00000)
  from space 9216K, 32% used [0x00000000ff600000,0x00000000ff8e4dc8,0x00000000fff00000)
  to   space 43008K, 0% used [0x00000000fac00000,0x00000000fac00000,0x00000000fd600000)
 ParOldGen       total 272384K, used 144813K [0x0000000082200000, 0x0000000092c00000, 0x00000000d6100000)
  object space 272384K, 53% used [0x0000000082200000,0x000000008af6b548,0x0000000092c00000)
 Metaspace       used 37856K, capacity 40158K, committed 40536K, reserved 1083392K
  class space    used 4725K, capacity 5708K, committed 5720K, reserved 1048576K
}
Event: 28.566 GC heap before
{Heap before GC invocations=37 (full 4):
 PSYoungGen      total 610304K, used 604051K [0x00000000d6100000, 0x0000000100000000, 0x0000000100000000)
  eden space 601088K, 100% used [0x00000000d6100000,0x00000000fac00000,0x00000000fac00000)
  from space 9216K, 32% used [0x00000000ff600000,0x00000000ff8e4dc8,0x00000000fff00000)
  to   space 43008K, 0% used [0x00000000fac00000,0x00000000fac00000,0x00000000fd600000)
 ParOldGen       total 272384K, used 144813K [0x0000000082200000, 0x0000000092c00000, 0x00000000d6100000)
  object space 272384K, 53% used [0x0000000082200000,0x000000008af6b548,0x0000000092c00000)
 Metaspace       used 45657K, capacity 48176K, committed 48600K, reserved 1091584K
  class space    used 5755K, capacity 6783K, committed 6872K, reserved 1048576K
Event: 28.665 GC heap after
Heap after GC invocations=37 (full 4):
 PSYoungGen      total 634368K, used 32845K [0x00000000d6100000, 0x0000000100000000, 0x0000000100000000)
  eden space 601088K, 0% used [0x00000000d6100000,0x00000000d6100000,0x00000000fac00000)
  from space 33280K, 98% used [0x00000000fac00000,0x00000000fcc13630,0x00000000fcc80000)
  to   space 47616K, 0% used [0x00000000fd180000,0x00000000fd180000,0x0000000100000000)
 ParOldGen       total 272384K, used 147928K [0x0000000082200000, 0x0000000092c00000, 0x00000000d6100000)
  object space 272384K, 54% used [0x0000000082200000,0x000000008b276350,0x0000000092c00000)
 Metaspace       used 45657K, capacity 48176K, committed 48600K, reserved 1091584K
  class space    used 5755K, capacity 6783K, committed 6872K, reserved 1048576K
}

