# JRE version: Java(TM) SE Runtime Environment (8.0_101-b13) (build 1.8.0_101-b13)
# Java VM: Java HotSpot(TM) 64-Bit Server VM (25.101-b13 mixed mode windows-amd64 compressed oops)
Heap:
 PSYoungGen      total 630784K, used 407584K [0x00000000d6100000, 0x0000000100000000, 0x0000000100000000)
  eden space 618496K, 65% used [0x00000000d6100000,0x00000000eef08030,0x00000000fbd00000)
  from space 12288K, 0% used [0x00000000ff400000,0x00000000ff400000,0x0000000100000000)
  to   space 34304K, 0% used [0x00000000fbd00000,0x00000000fbd00000,0x00000000fde80000)
 ParOldGen       total 225792K, used 112945K [0x0000000082200000, 0x000000008fe80000, 0x00000000d6100000)
  object space 225792K, 50% used [0x0000000082200000,0x000000008904c4e8,0x000000008fe80000)
 Metaspace       used 47465K, capacity 50006K, committed 50432K, reserved 1093632K
  class space    used 5857K, capacity 6876K, committed 6912K, reserved 1048576K
GC Heap History (10 events):
Event: 39.016 GC heap before
{Heap before GC invocations=30 (full 3):
 PSYoungGen      total 675328K, used 664032K [0x00000000d6100000, 0x0000000100000000, 0x0000000100000000)
  eden space 663040K, 100% used [0x00000000d6100000,0x00000000fe880000,0x00000000fe880000)
  from space 12288K, 8% used [0x00000000ff400000,0x00000000ff4f8000,0x0000000100000000)
  to   space 11776K, 0% used [0x00000000fe880000,0x00000000fe880000,0x00000000ff400000)
 ParOldGen       total 130560K, used 61980K [0x0000000082200000, 0x000000008a180000, 0x00000000d6100000)
  object space 130560K, 47% used [0x0000000082200000,0x0000000085e87008,0x000000008a180000)
 Metaspace       used 37201K, capacity 39412K, committed 39808K, reserved 1083392K
  class space    used 4684K, capacity 5637K, committed 5760K, reserved 1048576K
Event: 39.019 GC heap after
Heap after GC invocations=30 (full 3):
 PSYoungGen      total 674816K, used 320K [0x00000000d6100000, 0x00000000fff80000, 0x0000000100000000)
  eden space 663040K, 0% used [0x00000000d6100000,0x00000000d6100000,0x00000000fe880000)
  from space 11776K, 2% used [0x00000000fe880000,0x00000000fe8d0000,0x00000000ff400000)
  to   space 11776K, 0% used [0x00000000ff400000,0x00000000ff400000,0x00000000fff80000)
 ParOldGen       total 130560K, used 62652K [0x0000000082200000, 0x000000008a180000, 0x00000000d6100000)
  object space 130560K, 47% used [0x0000000082200000,0x0000000085f2f008,0x000000008a180000)
 Metaspace       used 37201K, capacity 39412K, committed 39808K, reserved 1083392K
  class space    used 4684K, capacity 5637K, committed 5760K, reserved 1048576K
}
Event: 40.321 GC heap before
{Heap before GC invocations=31 (full 3):
 PSYoungGen      total 674816K, used 663360K [0x00000000d6100000, 0x00000000fff80000, 0x0000000100000000)
  eden space 663040K, 100% used [0x00000000d6100000,0x00000000fe880000,0x00000000fe880000)
  from space 11776K, 2% used [0x00000000fe880000,0x00000000fe8d0000,0x00000000ff400000)
  to   space 11776K, 0% used [0x00000000ff400000,0x00000000ff400000,0x00000000fff80000)
 ParOldGen       total 130560K, used 62652K [0x0000000082200000, 0x000000008a180000, 0x00000000d6100000)
  object space 130560K, 47% used [0x0000000082200000,0x0000000085f2f008,0x000000008a180000)
 Metaspace       used 37233K, capacity 39476K, committed 39808K, reserved 1083392K
  class space    used 4685K, capacity 5637K, committed 5760K, reserved 1048576K
Event: 40.342 GC heap after
Heap after GC invocations=31 (full 3):
 PSYoungGen      total 674304K, used 7744K [0x00000000d6100000, 0x0000000100000000, 0x0000000100000000)
  eden space 662528K, 0% used [0x00000000d6100000,0x00000000d6100000,0x00000000fe800000)
  from space 11776K, 65% used [0x00000000ff400000,0x00000000ffb90000,0x00000000fff80000)
  to   space 12288K, 0% used [0x00000000fe800000,0x00000000fe800000,0x00000000ff400000)
 ParOldGen       total 130560K, used 62668K [0x0000000082200000, 0x000000008a180000, 0x00000000d6100000)
  object space 130560K, 47% used [0x0000000082200000,0x0000000085f33008,0x000000008a180000)
 Metaspace       used 37233K, capacity 39476K, committed 39808K, reserved 1083392K
  class space    used 4685K, capacity 5637K, committed 5760K, reserved 1048576K
}
Event: 45.383 GC heap before
{Heap before GC invocations=32 (full 3):
 PSYoungGen      total 674304K, used 670272K [0x00000000d6100000, 0x0000000100000000, 0x0000000100000000)
  eden space 662528K, 100% used [0x00000000d6100000,0x00000000fe800000,0x00000000fe800000)
  from space 11776K, 65% used [0x00000000ff400000,0x00000000ffb90000,0x00000000fff80000)
  to   space 12288K, 0% used [0x00000000fe800000,0x00000000fe800000,0x00000000ff400000)
 ParOldGen       total 130560K, used 62668K [0x0000000082200000, 0x000000008a180000, 0x00000000d6100000)
  object space 130560K, 47% used [0x0000000082200000,0x0000000085f33008,0x000000008a180000)
 Metaspace       used 38131K, capacity 40446K, committed 40832K, reserved 1085440K
  class space    used 4744K, capacity 5740K, committed 5760K, reserved 1048576K
Event: 45.454 GC heap after
Heap after GC invocations=32 (full 3):
 PSYoungGen      total 674816K, used 12288K [0x00000000d6100000, 0x0000000100000000, 0x0000000100000000)
  eden space 662528K, 0% used [0x00000000d6100000,0x00000000d6100000,0x00000000fe800000)
  from space 12288K, 100% used [0x00000000fe800000,0x00000000ff400000,0x00000000ff400000)
  to   space 12288K, 0% used [0x00000000ff400000,0x00000000ff400000,0x0000000100000000)
 ParOldGen       total 130560K, used 90321K [0x0000000082200000, 0x000000008a180000, 0x00000000d6100000)
  object space 130560K, 69% used [0x0000000082200000,0x0000000087a347a0,0x000000008a180000)
 Metaspace       used 38131K, capacity 40446K, committed 40832K, reserved 1085440K
  class space    used 4744K, capacity 5740K, committed 5760K, reserved 1048576K
}
Event: 59.366 GC heap before
{Heap before GC invocations=33 (full 3):
 PSYoungGen      total 674816K, used 674816K [0x00000000d6100000, 0x0000000100000000, 0x0000000100000000)
  eden space 662528K, 100% used [0x00000000d6100000,0x00000000fe800000,0x00000000fe800000)
  from space 12288K, 100% used [0x00000000fe800000,0x00000000ff400000,0x00000000ff400000)
  to   space 12288K, 0% used [0x00000000ff400000,0x00000000ff400000,0x0000000100000000)
 ParOldGen       total 130560K, used 90321K [0x0000000082200000, 0x000000008a180000, 0x00000000d6100000)
  object space 130560K, 69% used [0x0000000082200000,0x0000000087a347a0,0x000000008a180000)
 Metaspace       used 45899K, capacity 48504K, committed 49152K, reserved 1091584K
  class space    used 5767K, capacity 6787K, committed 6912K, reserved 1048576K
Event: 59.447 GC heap after
Heap after GC invocations=33 (full 3):
 PSYoungGen      total 630784K, used 12280K [0x00000000d6100000, 0x0000000100000000, 0x0000000100000000)
  eden space 618496K, 0% used [0x00000000d6100000,0x00000000d6100000,0x00000000fbd00000)
  from space 12288K, 99% used [0x00000000ff400000,0x00000000ffffe030,0x0000000100000000)
  to   space 34304K, 0% used [0x00000000fbd00000,0x00000000fbd00000,0x00000000fde80000)
 ParOldGen       total 130560K, used 114968K [0x0000000082200000, 0x000000008a180000, 0x00000000d6100000)
  object space 130560K, 88% used [0x0000000082200000,0x0000000089246010,0x000000008a180000)
 Metaspace       used 45899K, capacity 48504K, committed 49152K, reserved 1091584K
  class space    used 5767K, capacity 6787K, committed 6912K, reserved 1048576K
}
Event: 59.447 GC heap before
{Heap before GC invocations=34 (full 4):
 PSYoungGen      total 630784K, used 12280K [0x00000000d6100000, 0x0000000100000000, 0x0000000100000000)
  eden space 618496K, 0% used [0x00000000d6100000,0x00000000d6100000,0x00000000fbd00000)
  from space 12288K, 99% used [0x00000000ff400000,0x00000000ffffe030,0x0000000100000000)
  to   space 34304K, 0% used [0x00000000fbd00000,0x00000000fbd00000,0x00000000fde80000)
 ParOldGen       total 130560K, used 114968K [0x0000000082200000, 0x000000008a180000, 0x00000000d6100000)
  object space 130560K, 88% used [0x0000000082200000,0x0000000089246010,0x000000008a180000)
 Metaspace       used 45899K, capacity 48504K, committed 49152K, reserved 1091584K
  class space    used 5767K, capacity 6787K, committed 6912K, reserved 1048576K
Event: 59.772 GC heap after
Heap after GC invocations=34 (full 4):
 PSYoungGen      total 630784K, used 0K [0x00000000d6100000, 0x0000000100000000, 0x0000000100000000)
  eden space 618496K, 0% used [0x00000000d6100000,0x00000000d6100000,0x00000000fbd00000)
  from space 12288K, 0% used [0x00000000ff400000,0x00000000ff400000,0x0000000100000000)
  to   space 34304K, 0% used [0x00000000fbd00000,0x00000000fbd00000,0x00000000fde80000)
 ParOldGen       total 225792K, used 112945K [0x0000000082200000, 0x000000008fe80000, 0x00000000d6100000)
  object space 225792K, 50% used [0x0000000082200000,0x000000008904c4e8,0x000000008fe80000)
 Metaspace       used 45814K, capacity 48360K, committed 49152K, reserved 1091584K
  class space    used 5761K, capacity 6779K, committed 6912K, reserved 1048576K
}

